# JRE version: OpenJDK Runtime Environment (11.0.11+9) (build 11.0.11+9-b60-7590822)
# Java VM: OpenJDK 64-Bit Server VM (11.0.11+9-b60-7590822, mixed mode, tiered, compressed oops, g1 gc, windows-amd64)
Heap:
 garbage-first heap   total 288768K, used 199875K [0x00000000a0000000, 0x0000000100000000)
  region size 1024K, 34 young (34816K), 3 survivors (3072K)
 Metaspace       used 117640K, capacity 121678K, committed 121856K, reserved 1155072K
  class space    used 14847K, capacity 16331K, committed 16384K, reserved 1048576K
GC Heap History (20 events):
Event: 1552.396 GC heap before
{Heap before GC invocations=98 (full 0):
 garbage-first heap   total 189440K, used 165539K [0x00000000a0000000, 0x0000000100000000)
  region size 1024K, 12 young (12288K), 1 survivors (1024K)
 Metaspace       used 115362K, capacity 119245K, committed 119424K, reserved 1153024K
  class space    used 14571K, capacity 15944K, committed 16000K, reserved 1048576K
}
Event: 1552.397 GC heap after
{Heap after GC invocations=99 (full 0):
 garbage-first heap   total 189440K, used 154151K [0x00000000a0000000, 0x0000000100000000)
  region size 1024K, 1 young (1024K), 1 survivors (1024K)
 Metaspace       used 115362K, capacity 119245K, committed 119424K, reserved 1153024K
  class space    used 14571K, capacity 15944K, committed 16000K, reserved 1048576K
}
Event: 1552.556 GC heap before
{Heap before GC invocations=99 (full 0):
 garbage-first heap   total 189440K, used 165415K [0x00000000a0000000, 0x0000000100000000)
  region size 1024K, 13 young (13312K), 1 survivors (1024K)
 Metaspace       used 115889K, capacity 119829K, committed 120064K, reserved 1153024K
  class space    used 14645K, capacity 16065K, committed 16128K, reserved 1048576K
}
Event: 1552.563 GC heap after
{Heap after GC invocations=100 (full 0):
 garbage-first heap   total 189440K, used 156432K [0x00000000a0000000, 0x0000000100000000)
  region size 1024K, 2 young (2048K), 2 survivors (2048K)
 Metaspace       used 115889K, capacity 119829K, committed 120064K, reserved 1153024K
  class space    used 14645K, capacity 16065K, committed 16128K, reserved 1048576K
}
Event: 1552.620 GC heap before
{Heap before GC invocations=100 (full 0):
 garbage-first heap   total 189440K, used 166672K [0x00000000a0000000, 0x0000000100000000)
  region size 1024K, 12 young (12288K), 2 survivors (2048K)
 Metaspace       used 116001K, capacity 119957K, committed 120064K, reserved 1153024K
  class space    used 14655K, capacity 16065K, committed 16128K, reserved 1048576K
}
Event: 1552.623 GC heap after
{Heap after GC invocations=101 (full 0):
 garbage-first heap   total 189440K, used 157717K [0x00000000a0000000, 0x0000000100000000)
  region size 1024K, 2 young (2048K), 2 survivors (2048K)
 Metaspace       used 116001K, capacity 119957K, committed 120064K, reserved 1153024K
  class space    used 14655K, capacity 16065K, committed 16128K, reserved 1048576K
}
Event: 1552.718 GC heap before
{Heap before GC invocations=101 (full 0):
 garbage-first heap   total 189440K, used 165909K [0x00000000a0000000, 0x0000000100000000)
  region size 1024K, 10 young (10240K), 2 survivors (2048K)
 Metaspace       used 117092K, capacity 121048K, committed 121216K, reserved 1155072K
  class space    used 14796K, capacity 16194K, committed 16256K, reserved 1048576K
}
Event: 1552.720 GC heap after
{Heap after GC invocations=102 (full 0):
 garbage-first heap   total 189440K, used 158464K [0x00000000a0000000, 0x0000000100000000)
  region size 1024K, 1 young (1024K), 1 survivors (1024K)
 Metaspace       used 117092K, capacity 121048K, committed 121216K, reserved 1155072K
  class space    used 14796K, capacity 16194K, committed 16256K, reserved 1048576K
}
Event: 1552.786 GC heap before
{Heap before GC invocations=102 (full 0):
 garbage-first heap   total 189440K, used 166656K [0x00000000a0000000, 0x0000000100000000)
  region size 1024K, 9 young (9216K), 1 survivors (1024K)
 Metaspace       used 117297K, capacity 121243K, committed 121472K, reserved 1155072K
  class space    used 14818K, capacity 16251K, committed 16256K, reserved 1048576K
}
Event: 1552.788 GC heap after
{Heap after GC invocations=103 (full 0):
 garbage-first heap   total 189440K, used 158853K [0x00000000a0000000, 0x0000000100000000)
  region size 1024K, 2 young (2048K), 2 survivors (2048K)
 Metaspace       used 117297K, capacity 121243K, committed 121472K, reserved 1155072K
  class space    used 14818K, capacity 16251K, committed 16256K, reserved 1048576K
}
Event: 1552.862 GC heap before
{Heap before GC invocations=103 (full 0):
 garbage-first heap   total 189440K, used 166021K [0x00000000a0000000, 0x0000000100000000)
  region size 1024K, 9 young (9216K), 2 survivors (2048K)
 Metaspace       used 117400K, capacity 121411K, committed 121600K, reserved 1155072K
  class space    used 14829K, capacity 16300K, committed 16384K, reserved 1048576K
}
Event: 1552.866 GC heap after
{Heap after GC invocations=104 (full 0):
 garbage-first heap   total 227328K, used 160608K [0x00000000a0000000, 0x0000000100000000)
  region size 1024K, 2 young (2048K), 2 survivors (2048K)
 Metaspace       used 117400K, capacity 121411K, committed 121600K, reserved 1155072K
  class space    used 14829K, capacity 16300K, committed 16384K, reserved 1048576K
}
Event: 1553.116 GC heap before
{Heap before GC invocations=104 (full 0):
 garbage-first heap   total 227328K, used 184160K [0x00000000a0000000, 0x0000000100000000)
  region size 1024K, 26 young (26624K), 2 survivors (2048K)
 Metaspace       used 117438K, capacity 121420K, committed 121600K, reserved 1155072K
  class space    used 14829K, capacity 16301K, committed 16384K, reserved 1048576K
}
Event: 1553.122 GC heap after
{Heap after GC invocations=105 (full 0):
 garbage-first heap   total 227328K, used 162689K [0x00000000a0000000, 0x0000000100000000)
  region size 1024K, 4 young (4096K), 4 survivors (4096K)
 Metaspace       used 117438K, capacity 121420K, committed 121600K, reserved 1155072K
  class space    used 14829K, capacity 16301K, committed 16384K, reserved 1048576K
}
Event: 1553.291 GC heap before
{Heap before GC invocations=105 (full 0):
 garbage-first heap   total 227328K, used 187265K [0x00000000a0000000, 0x0000000100000000)
  region size 1024K, 28 young (28672K), 4 survivors (4096K)
 Metaspace       used 117484K, capacity 121485K, committed 121600K, reserved 1155072K
  class space    used 14829K, capacity 16301K, committed 16384K, reserved 1048576K
}
Event: 1553.296 GC heap after
{Heap after GC invocations=106 (full 0):
 garbage-first heap   total 227328K, used 164749K [0x00000000a0000000, 0x0000000100000000)
  region size 1024K, 3 young (3072K), 3 survivors (3072K)
 Metaspace       used 117484K, capacity 121485K, committed 121600K, reserved 1155072K
  class space    used 14829K, capacity 16301K, committed 16384K, reserved 1048576K
}
Event: 1553.539 GC heap before
{Heap before GC invocations=106 (full 0):
 garbage-first heap   total 227328K, used 189325K [0x00000000a0000000, 0x0000000100000000)
  region size 1024K, 27 young (27648K), 3 survivors (3072K)
 Metaspace       used 117527K, capacity 121520K, committed 121600K, reserved 1155072K
  class space    used 14833K, capacity 16306K, committed 16384K, reserved 1048576K
}
Event: 1553.543 GC heap after
{Heap after GC invocations=107 (full 0):
 garbage-first heap   total 227328K, used 167475K [0x00000000a0000000, 0x0000000100000000)
  region size 1024K, 4 young (4096K), 4 survivors (4096K)
 Metaspace       used 117527K, capacity 121520K, committed 121600K, reserved 1155072K
  class space    used 14833K, capacity 16306K, committed 16384K, reserved 1048576K
}
Event: 1553.680 GC heap before
{Heap before GC invocations=107 (full 0):
 garbage-first heap   total 227328K, used 191027K [0x00000000a0000000, 0x0000000100000000)
  region size 1024K, 27 young (27648K), 4 survivors (4096K)
 Metaspace       used 117544K, capacity 121526K, committed 121856K, reserved 1155072K
  class space    used 14834K, capacity 16307K, committed 16384K, reserved 1048576K
}
Event: 1553.686 GC heap after
{Heap after GC invocations=108 (full 0):
 garbage-first heap   total 288768K, used 169155K [0x00000000a0000000, 0x0000000100000000)
  region size 1024K, 3 young (3072K), 3 survivors (3072K)
 Metaspace       used 117544K, capacity 121526K, committed 121856K, reserved 1155072K
  class space    used 14834K, capacity 16307K, committed 16384K, reserved 1048576K
}

